# Reading pref.tcl
# //  Questa Sim-64
# //  Version 10.7c linux_x86_64 Aug 17 2018
# //
# //  Copyright 1991-2018 Mentor Graphics Corporation
# //  All Rights Reserved.
# //
# //  QuestaSim and its associated documentation contain trade
# //  secrets and commercial or financial information that are the property of
# //  Mentor Graphics Corporation and are privileged, confidential,
# //  and exempt from disclosure under the Freedom of Information Act,
# //  5 U.S.C. Section 552. Furthermore, this information
# //  is prohibited from disclosure under the Trade Secrets Act,
# //  18 U.S.C. Section 1905.
# //
# vsim -gui work.testbench -do "questa.tcl" -voptargs="+acc" -l 04_sum/out/sim.log -wlf 04_sum/out/sim.wlf 
# Start time: 15:30:19 on May 04,2024
# ** Note: (vsim-3812) Design is being optimized...
# Loading sv_std.std
# Loading work.testbench_sv_unit(fast)
# Loading work.testbench(fast)
# Loading work.sum(fast)
# do questa.tcl
# testbench
# 04_sum/out
# 1
# ** Note: $stop    : 04_sum/testbench.sv(23)
#    Time: 120 ns  Iteration: 0  Instance: /testbench
# Break in Module testbench at 04_sum/testbench.sv line 23
# 0 ps
# 126 ns
# End time: 16:08:47 on May 04,2024, Elapsed time: 0:38:28
# Errors: 0, Warnings: 0
