# Reading pref.tcl
# //  Questa Sim-64
# //  Version 10.7c linux_x86_64 Aug 17 2018
# //
# //  Copyright 1991-2018 Mentor Graphics Corporation
# //  All Rights Reserved.
# //
# //  QuestaSim and its associated documentation contain trade
# //  secrets and commercial or financial information that are the property of
# //  Mentor Graphics Corporation and are privileged, confidential,
# //  and exempt from disclosure under the Freedom of Information Act,
# //  5 U.S.C. Section 552. Furthermore, this information
# //  is prohibited from disclosure under the Trade Secrets Act,
# //  18 U.S.C. Section 1905.
# //
# vsim -gui work.testbench -do "questa.tcl" -voptargs="+acc" -l 03_comp/out/sim.log -wlf 03_comp/out/sim.wlf 
# Start time: 15:26:22 on May 04,2024
# ** Note: (vsim-8009) Loading existing optimized design _opt
# Loading sv_std.std
# Loading work.testbench(fast)
# Loading work.comp(fast)
# do questa.tcl
# testbench
# 03_comp/out
# 1
# ** Note: $stop    : 03_comp/testbench.sv(20)
#    Time: 20 ns  Iteration: 0  Instance: /testbench
# Break in Module testbench at 03_comp/testbench.sv line 20
# 0 ns
# 21 ns
# End time: 15:30:02 on May 04,2024, Elapsed time: 0:03:40
# Errors: 0, Warnings: 0
